This file contains any messages produced by compilers while
running configure, to aid debugging if configure makes a mistake.

It was created by configure, which was
generated by GNU Autoconf 2.63.  Invocation command line was

  $ ./configure --enable-debugging

## --------- ##
## Platform. ##
## --------- ##

hostname = bombpersons-laptop
uname -m = i686
uname -r = 2.6.28-15-generic
uname -s = Linux
uname -v = #52-Ubuntu SMP Wed Sep 9 10:49:34 UTC 2009

/usr/bin/uname -p = unknown
/bin/uname -X     = unknown

/bin/arch              = unknown
/usr/bin/arch -k       = unknown
/usr/convex/getsysinfo = unknown
/usr/bin/hostinfo      = unknown
/bin/machine           = unknown
/usr/bin/oslevel       = unknown
/bin/universe          = unknown

PATH: /usr/local/sbin
PATH: /usr/local/bin
PATH: /usr/sbin
PATH: /usr/bin
PATH: /sbin
PATH: /bin
PATH: /usr/games


## ----------- ##
## Core tests. ##
## ----------- ##

configure:2071: checking for a BSD-compatible install
configure:2139: result: /usr/bin/install -c
configure:2150: checking whether build environment is sane
configure:2193: result: yes
configure:2218: checking for a thread-safe mkdir -p
configure:2257: result: /bin/mkdir -p
configure:2270: checking for gawk
configure:2300: result: no
configure:2270: checking for mawk
configure:2286: found /usr/bin/mawk
configure:2297: result: mawk
configure:2308: checking whether make sets $(MAKE)
configure:2330: result: yes
configure:2563: checking for gcc
configure:2579: found /usr/bin/gcc
configure:2590: result: gcc
configure:2822: checking for C compiler version
configure:2830: gcc --version >&5
gcc (Ubuntu 4.3.3-5ubuntu4) 4.3.3
Copyright (C) 2008 Free Software Foundation, Inc.
This is free software; see the source for copying conditions.  There is NO
warranty; not even for MERCHANTABILITY or FITNESS FOR A PARTICULAR PURPOSE.

configure:2834: $? = 0
configure:2841: gcc -v >&5
Using built-in specs.
Target: i486-linux-gnu
Configured with: ../src/configure -v --with-pkgversion='Ubuntu 4.3.3-5ubuntu4' --with-bugurl=file:///usr/share/doc/gcc-4.3/README.Bugs --enable-languages=c,c++,fortran,objc,obj-c++ --prefix=/usr --enable-shared --with-system-zlib --libexecdir=/usr/lib --without-included-gettext --enable-threads=posix --enable-nls --with-gxx-include-dir=/usr/include/c++/4.3 --program-suffix=-4.3 --enable-clocale=gnu --enable-libstdcxx-debug --enable-objc-gc --enable-mpfr --enable-targets=all --with-tune=generic --enable-checking=release --build=i486-linux-gnu --host=i486-linux-gnu --target=i486-linux-gnu
Thread model: posix
gcc version 4.3.3 (Ubuntu 4.3.3-5ubuntu4) 
configure:2845: $? = 0
configure:2852: gcc -V >&5
gcc: '-V' option must have argument
configure:2856: $? = 1
configure:2879: checking for C compiler default output file name
configure:2901: gcc    conftest.c  >&5
configure:2905: $? = 0
configure:2943: result: a.out
configure:2962: checking whether the C compiler works
configure:2972: ./a.out
configure:2976: $? = 0
configure:2995: result: yes
configure:3002: checking whether we are cross compiling
configure:3004: result: no
configure:3007: checking for suffix of executables
configure:3014: gcc -o conftest    conftest.c  >&5
configure:3018: $? = 0
configure:3044: result: 
configure:3050: checking for suffix of object files
configure:3076: gcc -c   conftest.c >&5
configure:3080: $? = 0
configure:3105: result: o
configure:3109: checking whether we are using the GNU C compiler
configure:3138: gcc -c   conftest.c >&5
configure:3145: $? = 0
configure:3162: result: yes
configure:3171: checking whether gcc accepts -g
configure:3201: gcc -c -g  conftest.c >&5
configure:3208: $? = 0
configure:3309: result: yes
configure:3326: checking for gcc option to accept ISO C89
configure:3400: gcc  -c -g -O2  conftest.c >&5
configure:3407: $? = 0
configure:3430: result: none needed
configure:3459: checking for style of include used by make
configure:3487: result: GNU
configure:3512: checking dependency style of gcc
configure:3603: result: gcc3
configure:3676: checking for g++
configure:3692: found /usr/bin/g++
configure:3703: result: g++
configure:3730: checking for C++ compiler version
configure:3738: g++ --version >&5
g++ (Ubuntu 4.3.3-5ubuntu4) 4.3.3
Copyright (C) 2008 Free Software Foundation, Inc.
This is free software; see the source for copying conditions.  There is NO
warranty; not even for MERCHANTABILITY or FITNESS FOR A PARTICULAR PURPOSE.

configure:3742: $? = 0
configure:3749: g++ -v >&5
Using built-in specs.
Target: i486-linux-gnu
Configured with: ../src/configure -v --with-pkgversion='Ubuntu 4.3.3-5ubuntu4' --with-bugurl=file:///usr/share/doc/gcc-4.3/README.Bugs --enable-languages=c,c++,fortran,objc,obj-c++ --prefix=/usr --enable-shared --with-system-zlib --libexecdir=/usr/lib --without-included-gettext --enable-threads=posix --enable-nls --with-gxx-include-dir=/usr/include/c++/4.3 --program-suffix=-4.3 --enable-clocale=gnu --enable-libstdcxx-debug --enable-objc-gc --enable-mpfr --enable-targets=all --with-tune=generic --enable-checking=release --build=i486-linux-gnu --host=i486-linux-gnu --target=i486-linux-gnu
Thread model: posix
gcc version 4.3.3 (Ubuntu 4.3.3-5ubuntu4) 
configure:3753: $? = 0
configure:3760: g++ -V >&5
g++: '-V' option must have argument
configure:3764: $? = 1
configure:3767: checking whether we are using the GNU C++ compiler
configure:3796: g++ -c   conftest.cpp >&5
configure:3803: $? = 0
configure:3820: result: yes
configure:3829: checking whether g++ accepts -g
configure:3859: g++ -c -g  conftest.cpp >&5
configure:3866: $? = 0
configure:3967: result: yes
configure:3992: checking dependency style of g++
configure:4083: result: gcc3
configure:4113: checking for a BSD-compatible install
configure:4181: result: /usr/bin/install -c
configure:4223: checking build system type
configure:4241: result: i686-pc-linux-gnu
configure:4263: checking host system type
configure:4278: result: i686-pc-linux-gnu
configure:4300: checking for a sed that does not truncate output
configure:4366: result: /bin/sed
configure:4384: checking for grep that handles long lines and -e
configure:4444: result: /bin/grep
configure:4449: checking for egrep
configure:4513: result: /bin/grep -E
configure:4518: checking for fgrep
configure:4582: result: /bin/grep -F
configure:4617: checking for ld used by gcc
configure:4684: result: /usr/bin/ld
configure:4693: checking if the linker (/usr/bin/ld) is GNU ld
configure:4708: result: yes
configure:4720: checking for BSD- or MS-compatible name lister (nm)
configure:4769: result: /usr/bin/nm -B
configure:4887: checking the name lister (/usr/bin/nm -B) interface
configure:4894: gcc -c -g -O2  conftest.c >&5
configure:4897: /usr/bin/nm -B "conftest.o"
configure:4900: output
00000000 B some_variable
configure:4907: result: BSD nm
configure:4910: checking whether ln -s works
configure:4914: result: yes
configure:4922: checking the maximum length of command line arguments
configure:5042: result: 1572864
configure:5059: checking whether the shell understands some XSI constructs
configure:5069: result: yes
configure:5073: checking whether the shell understands "+="
configure:5079: result: yes
configure:5114: checking for /usr/bin/ld option to reload object files
configure:5121: result: -r
configure:5190: checking for objdump
configure:5206: found /usr/bin/objdump
configure:5217: result: objdump
configure:5249: checking how to recognize dependent libraries
configure:5445: result: pass_all
configure:5505: checking for ar
configure:5521: found /usr/bin/ar
configure:5532: result: ar
configure:5610: checking for strip
configure:5626: found /usr/bin/strip
configure:5637: result: strip
configure:5709: checking for ranlib
configure:5725: found /usr/bin/ranlib
configure:5736: result: ranlib
configure:5826: checking command to parse /usr/bin/nm -B output from gcc object
configure:5944: gcc -c -g -O2  conftest.c >&5
configure:5947: $? = 0
configure:5951: /usr/bin/nm -B conftest.o \| sed -n -e 's/^.*[	 ]\([ABCDGIRSTW][ABCDGIRSTW]*\)[	 ][	 ]*\([_A-Za-z][_A-Za-z0-9]*\)$/\1 \2 \2/p' \> conftest.nm
configure:5954: $? = 0
configure:6008: gcc -o conftest -g -O2   conftest.c conftstm.o >&5
configure:6011: $? = 0
configure:6049: result: ok
configure:6916: checking how to run the C preprocessor
configure:6956: gcc -E  conftest.c
configure:6963: $? = 0
configure:6994: gcc -E  conftest.c
conftest.c:10:28: error: ac_nonexistent.h: No such file or directory
configure:7001: $? = 1
configure: failed program was:
| /* confdefs.h.  */
| #define PACKAGE_NAME ""
| #define PACKAGE_TARNAME ""
| #define PACKAGE_VERSION ""
| #define PACKAGE_STRING ""
| #define PACKAGE_BUGREPORT ""
| #define PACKAGE "prototypeSpace"
| #define VERSION "0.0.1"
| /* end confdefs.h.  */
| #include <ac_nonexistent.h>
configure:7034: result: gcc -E
configure:7063: gcc -E  conftest.c
configure:7070: $? = 0
configure:7101: gcc -E  conftest.c
conftest.c:10:28: error: ac_nonexistent.h: No such file or directory
configure:7108: $? = 1
configure: failed program was:
| /* confdefs.h.  */
| #define PACKAGE_NAME ""
| #define PACKAGE_TARNAME ""
| #define PACKAGE_VERSION ""
| #define PACKAGE_STRING ""
| #define PACKAGE_BUGREPORT ""
| #define PACKAGE "prototypeSpace"
| #define VERSION "0.0.1"
| /* end confdefs.h.  */
| #include <ac_nonexistent.h>
configure:7148: checking for ANSI C header files
configure:7178: gcc -c -g -O2  conftest.c >&5
configure:7185: $? = 0
configure:7284: gcc -o conftest -g -O2   conftest.c  >&5
configure:7288: $? = 0
configure:7294: ./conftest
configure:7298: $? = 0
configure:7316: result: yes
configure:7340: checking for sys/types.h
configure:7361: gcc -c -g -O2  conftest.c >&5
configure:7368: $? = 0
configure:7385: result: yes
configure:7340: checking for sys/stat.h
configure:7361: gcc -c -g -O2  conftest.c >&5
configure:7368: $? = 0
configure:7385: result: yes
configure:7340: checking for stdlib.h
configure:7361: gcc -c -g -O2  conftest.c >&5
configure:7368: $? = 0
configure:7385: result: yes
configure:7340: checking for string.h
configure:7361: gcc -c -g -O2  conftest.c >&5
configure:7368: $? = 0
configure:7385: result: yes
configure:7340: checking for memory.h
configure:7361: gcc -c -g -O2  conftest.c >&5
configure:7368: $? = 0
configure:7385: result: yes
configure:7340: checking for strings.h
configure:7361: gcc -c -g -O2  conftest.c >&5
configure:7368: $? = 0
configure:7385: result: yes
configure:7340: checking for inttypes.h
configure:7361: gcc -c -g -O2  conftest.c >&5
configure:7368: $? = 0
configure:7385: result: yes
configure:7340: checking for stdint.h
configure:7361: gcc -c -g -O2  conftest.c >&5
configure:7368: $? = 0
configure:7385: result: yes
configure:7340: checking for unistd.h
configure:7361: gcc -c -g -O2  conftest.c >&5
configure:7368: $? = 0
configure:7385: result: yes
configure:7403: checking for dlfcn.h
configure:7424: gcc -c -g -O2  conftest.c >&5
configure:7431: $? = 0
configure:7448: result: yes
configure:7575: checking for C++ compiler version
configure:7583: g++ --version >&5
g++ (Ubuntu 4.3.3-5ubuntu4) 4.3.3
Copyright (C) 2008 Free Software Foundation, Inc.
This is free software; see the source for copying conditions.  There is NO
warranty; not even for MERCHANTABILITY or FITNESS FOR A PARTICULAR PURPOSE.

configure:7587: $? = 0
configure:7594: g++ -v >&5
Using built-in specs.
Target: i486-linux-gnu
Configured with: ../src/configure -v --with-pkgversion='Ubuntu 4.3.3-5ubuntu4' --with-bugurl=file:///usr/share/doc/gcc-4.3/README.Bugs --enable-languages=c,c++,fortran,objc,obj-c++ --prefix=/usr --enable-shared --with-system-zlib --libexecdir=/usr/lib --without-included-gettext --enable-threads=posix --enable-nls --with-gxx-include-dir=/usr/include/c++/4.3 --program-suffix=-4.3 --enable-clocale=gnu --enable-libstdcxx-debug --enable-objc-gc --enable-mpfr --enable-targets=all --with-tune=generic --enable-checking=release --build=i486-linux-gnu --host=i486-linux-gnu --target=i486-linux-gnu
Thread model: posix
gcc version 4.3.3 (Ubuntu 4.3.3-5ubuntu4) 
configure:7598: $? = 0
configure:7605: g++ -V >&5
g++: '-V' option must have argument
configure:7609: $? = 1
configure:7612: checking whether we are using the GNU C++ compiler
configure:7665: result: yes
configure:7674: checking whether g++ accepts -g
configure:7812: result: yes
configure:7837: checking dependency style of g++
configure:7928: result: gcc3
configure:7951: checking how to run the C++ preprocessor
configure:7987: g++ -E  conftest.cpp
configure:7994: $? = 0
configure:8025: g++ -E  conftest.cpp
conftest.cpp:21:28: error: ac_nonexistent.h: No such file or directory
configure:8032: $? = 1
configure: failed program was:
| /* confdefs.h.  */
| #define PACKAGE_NAME ""
| #define PACKAGE_TARNAME ""
| #define PACKAGE_VERSION ""
| #define PACKAGE_STRING ""
| #define PACKAGE_BUGREPORT ""
| #define PACKAGE "prototypeSpace"
| #define VERSION "0.0.1"
| #define STDC_HEADERS 1
| #define HAVE_SYS_TYPES_H 1
| #define HAVE_SYS_STAT_H 1
| #define HAVE_STDLIB_H 1
| #define HAVE_STRING_H 1
| #define HAVE_MEMORY_H 1
| #define HAVE_STRINGS_H 1
| #define HAVE_INTTYPES_H 1
| #define HAVE_STDINT_H 1
| #define HAVE_UNISTD_H 1
| #define HAVE_DLFCN_H 1
| /* end confdefs.h.  */
| #include <ac_nonexistent.h>
configure:8065: result: g++ -E
configure:8094: g++ -E  conftest.cpp
configure:8101: $? = 0
configure:8132: g++ -E  conftest.cpp
conftest.cpp:21:28: error: ac_nonexistent.h: No such file or directory
configure:8139: $? = 1
configure: failed program was:
| /* confdefs.h.  */
| #define PACKAGE_NAME ""
| #define PACKAGE_TARNAME ""
| #define PACKAGE_VERSION ""
| #define PACKAGE_STRING ""
| #define PACKAGE_BUGREPORT ""
| #define PACKAGE "prototypeSpace"
| #define VERSION "0.0.1"
| #define STDC_HEADERS 1
| #define HAVE_SYS_TYPES_H 1
| #define HAVE_SYS_STAT_H 1
| #define HAVE_STDLIB_H 1
| #define HAVE_STRING_H 1
| #define HAVE_MEMORY_H 1
| #define HAVE_STRINGS_H 1
| #define HAVE_INTTYPES_H 1
| #define HAVE_STDINT_H 1
| #define HAVE_UNISTD_H 1
| #define HAVE_DLFCN_H 1
| /* end confdefs.h.  */
| #include <ac_nonexistent.h>
configure:8353: checking for objdir
configure:8368: result: .libs
configure:8660: checking if gcc supports -fno-rtti -fno-exceptions
configure:8678: gcc -c -g -O2  -fno-rtti -fno-exceptions conftest.c >&5
cc1: warning: command line option "-fno-rtti" is valid for C++/ObjC++ but not for C
configure:8682: $? = 0
configure:8695: result: no
configure:8715: checking for gcc option to produce PIC
configure:8987: result: -fPIC -DPIC
configure:8999: checking if gcc PIC flag -fPIC -DPIC works
configure:9017: gcc -c -g -O2  -fPIC -DPIC -DPIC conftest.c >&5
configure:9021: $? = 0
configure:9034: result: yes
configure:9058: checking if gcc static flag -static works
configure:9086: result: yes
configure:9101: checking if gcc supports -c -o file.o
configure:9122: gcc -c -g -O2  -o out/conftest2.o conftest.c >&5
configure:9126: $? = 0
configure:9148: result: yes
configure:9156: checking if gcc supports -c -o file.o
configure:9203: result: yes
configure:9236: checking whether the gcc linker (/usr/bin/ld) supports shared libraries
configure:10311: result: yes
configure:10348: checking whether -lc should be explicitly linked in
configure:10353: gcc -c -g -O2  conftest.c >&5
configure:10356: $? = 0
configure:10371: gcc -shared conftest.o  -v -Wl,-soname -Wl,conftest -o conftest 2\>\&1 \| /bin/grep  -lc  \>/dev/null 2\>\&1
configure:10374: $? = 0
configure:10386: result: no
configure:10550: checking dynamic linker characteristics
configure:10993: gcc -o conftest -g -O2   -Wl,-rpath -Wl,/foo conftest.c  >&5
configure:11000: $? = 0
configure:11245: result: GNU/Linux ld.so
configure:11347: checking how to hardcode library paths into programs
configure:11372: result: immediate
configure:12205: checking whether stripping libraries is possible
configure:12210: result: yes
configure:12245: checking if libtool supports shared libraries
configure:12247: result: yes
configure:12250: checking whether to build shared libraries
configure:12271: result: yes
configure:12274: checking whether to build static libraries
configure:12278: result: yes
configure:12428: checking for ld used by g++
configure:12495: result: /usr/bin/ld
configure:12504: checking if the linker (/usr/bin/ld) is GNU ld
configure:12519: result: yes
configure:12574: checking whether the g++ linker (/usr/bin/ld) supports shared libraries
configure:13549: result: yes
configure:13577: g++ -c -g -O2  conftest.cpp >&5
configure:13580: $? = 0
configure:13762: checking for g++ option to produce PIC
configure:14079: result: -fPIC -DPIC
configure:14088: checking if g++ PIC flag -fPIC -DPIC works
configure:14106: g++ -c -g -O2  -fPIC -DPIC -DPIC conftest.cpp >&5
configure:14110: $? = 0
configure:14123: result: yes
configure:14144: checking if g++ static flag -static works
configure:14172: result: yes
configure:14184: checking if g++ supports -c -o file.o
configure:14205: g++ -c -g -O2  -o out/conftest2.o conftest.cpp >&5
configure:14209: $? = 0
configure:14231: result: yes
configure:14236: checking if g++ supports -c -o file.o
configure:14283: result: yes
configure:14313: checking whether the g++ linker (/usr/bin/ld) supports shared libraries
configure:14342: result: yes
configure:14479: checking dynamic linker characteristics
configure:14870: g++ -o conftest -g -O2   -Wl,-rpath -Wl,/foo conftest.cpp  >&5
configure:14877: $? = 0
configure:15122: result: GNU/Linux ld.so
configure:15173: checking how to hardcode library paths into programs
configure:15198: result: immediate
configure:15406: creating ./config.status

## ---------------------- ##
## Running config.status. ##
## ---------------------- ##

This file was extended by config.status, which was
generated by GNU Autoconf 2.63.  Invocation command line was

  CONFIG_FILES    = 
  CONFIG_HEADERS  = 
  CONFIG_LINKS    = 
  CONFIG_COMMANDS = 
  $ ./config.status 

on bombpersons-laptop

config.status:1047: creating Makefile
config.status:1047: creating src/Makefile
config.status:1047: creating src/lib/Makefile
config.status:1047: creating src/tests/Makefile
config.status:1047: creating config.h
config.status:1321: executing depfiles commands
config.status:1321: executing libtool commands

## ---------------- ##
## Cache variables. ##
## ---------------- ##

ac_cv_build=i686-pc-linux-gnu
ac_cv_c_compiler_gnu=yes
ac_cv_cxx_compiler_gnu=yes
ac_cv_env_CCC_set=
ac_cv_env_CCC_value=
ac_cv_env_CC_set=
ac_cv_env_CC_value=
ac_cv_env_CFLAGS_set=
ac_cv_env_CFLAGS_value=
ac_cv_env_CPPFLAGS_set=
ac_cv_env_CPPFLAGS_value=
ac_cv_env_CPP_set=
ac_cv_env_CPP_value=
ac_cv_env_CXXCPP_set=
ac_cv_env_CXXCPP_value=
ac_cv_env_CXXFLAGS_set=
ac_cv_env_CXXFLAGS_value=
ac_cv_env_CXX_set=
ac_cv_env_CXX_value=
ac_cv_env_LDFLAGS_set=
ac_cv_env_LDFLAGS_value=
ac_cv_env_LIBS_set=
ac_cv_env_LIBS_value=
ac_cv_env_build_alias_set=
ac_cv_env_build_alias_value=
ac_cv_env_host_alias_set=
ac_cv_env_host_alias_value=
ac_cv_env_target_alias_set=
ac_cv_env_target_alias_value=
ac_cv_header_dlfcn_h=yes
ac_cv_header_inttypes_h=yes
ac_cv_header_memory_h=yes
ac_cv_header_stdc=yes
ac_cv_header_stdint_h=yes
ac_cv_header_stdlib_h=yes
ac_cv_header_string_h=yes
ac_cv_header_strings_h=yes
ac_cv_header_sys_stat_h=yes
ac_cv_header_sys_types_h=yes
ac_cv_header_unistd_h=yes
ac_cv_host=i686-pc-linux-gnu
ac_cv_objext=o
ac_cv_path_EGREP='/bin/grep -E'
ac_cv_path_FGREP='/bin/grep -F'
ac_cv_path_GREP=/bin/grep
ac_cv_path_SED=/bin/sed
ac_cv_path_install='/usr/bin/install -c'
ac_cv_path_mkdir=/bin/mkdir
ac_cv_prog_AWK=mawk
ac_cv_prog_CPP='gcc -E'
ac_cv_prog_CXXCPP='g++ -E'
ac_cv_prog_ac_ct_AR=ar
ac_cv_prog_ac_ct_CC=gcc
ac_cv_prog_ac_ct_CXX=g++
ac_cv_prog_ac_ct_OBJDUMP=objdump
ac_cv_prog_ac_ct_RANLIB=ranlib
ac_cv_prog_ac_ct_STRIP=strip
ac_cv_prog_cc_c89=
ac_cv_prog_cc_g=yes
ac_cv_prog_cxx_g=yes
ac_cv_prog_make_make_set=yes
am_cv_CC_dependencies_compiler_type=gcc3
am_cv_CXX_dependencies_compiler_type=gcc3
lt_cv_deplibs_check_method=pass_all
lt_cv_file_magic_cmd='$MAGIC_CMD'
lt_cv_file_magic_test_file=
lt_cv_ld_reload_flag=-r
lt_cv_nm_interface='BSD nm'
lt_cv_objdir=.libs
lt_cv_path_LD=/usr/bin/ld
lt_cv_path_LDCXX=/usr/bin/ld
lt_cv_path_NM='/usr/bin/nm -B'
lt_cv_prog_compiler_c_o=yes
lt_cv_prog_compiler_c_o_CXX=yes
lt_cv_prog_compiler_pic_works=yes
lt_cv_prog_compiler_pic_works_CXX=yes
lt_cv_prog_compiler_rtti_exceptions=no
lt_cv_prog_compiler_static_works=yes
lt_cv_prog_compiler_static_works_CXX=yes
lt_cv_prog_gnu_ld=yes
lt_cv_prog_gnu_ldcxx=yes
lt_cv_sys_global_symbol_pipe='sed -n -e '\''s/^.*[	 ]\([ABCDGIRSTW][ABCDGIRSTW]*\)[	 ][	 ]*\([_A-Za-z][_A-Za-z0-9]*\)$/\1 \2 \2/p'\'''
lt_cv_sys_global_symbol_to_c_name_address='sed -n -e '\''s/^: \([^ ]*\) $/  {\"\1\", (void *) 0},/p'\'' -e '\''s/^[ABCDGIRSTW]* \([^ ]*\) \([^ ]*\)$/  {"\2", (void *) \&\2},/p'\'''
lt_cv_sys_global_symbol_to_c_name_address_lib_prefix='sed -n -e '\''s/^: \([^ ]*\) $/  {\"\1\", (void *) 0},/p'\'' -e '\''s/^[ABCDGIRSTW]* \([^ ]*\) \(lib[^ ]*\)$/  {"\2", (void *) \&\2},/p'\'' -e '\''s/^[ABCDGIRSTW]* \([^ ]*\) \([^ ]*\)$/  {"lib\2", (void *) \&\2},/p'\'''
lt_cv_sys_global_symbol_to_cdecl='sed -n -e '\''s/^T .* \(.*\)$/extern int \1();/p'\'' -e '\''s/^[ABCDGIRSTW]* .* \(.*\)$/extern char \1;/p'\'''
lt_cv_sys_max_cmd_len=1572864

## ----------------- ##
## Output variables. ##
## ----------------- ##

ACLOCAL='${SHELL} /home/bombpersons/source/prototypeSpace/missing --run aclocal-1.10'
AMDEPBACKSLASH='\'
AMDEP_FALSE='#'
AMDEP_TRUE=''
AMTAR='${SHELL} /home/bombpersons/source/prototypeSpace/missing --run tar'
AR='ar'
AUTOCONF='${SHELL} /home/bombpersons/source/prototypeSpace/missing --run autoconf'
AUTOHEADER='${SHELL} /home/bombpersons/source/prototypeSpace/missing --run autoheader'
AUTOMAKE='${SHELL} /home/bombpersons/source/prototypeSpace/missing --run automake-1.10'
AWK='mawk'
CC='gcc'
CCDEPMODE='depmode=gcc3'
CFLAGS='-g -O2'
CPP='gcc -E'
CPPFLAGS=''
CXX='g++'
CXXCPP='g++ -E'
CXXDEPMODE='depmode=gcc3'
CXXFLAGS='-g -O2'
CYGPATH_W='echo'
DEFS='-DHAVE_CONFIG_H'
DEPDIR='.deps'
DSYMUTIL=''
DUMPBIN=''
ECHO_C=''
ECHO_N='-n'
ECHO_T=''
EGREP='/bin/grep -E'
EXEEXT=''
FGREP='/bin/grep -F'
GREP='/bin/grep'
INSTALL_DATA='${INSTALL} -m 644'
INSTALL_PROGRAM='${INSTALL}'
INSTALL_SCRIPT='${INSTALL}'
INSTALL_STRIP_PROGRAM='$(install_sh) -c -s'
LD='/usr/bin/ld'
LDFLAGS=''
LIBOBJS=''
LIBS=''
LIBTOOL='$(SHELL) $(top_builddir)/libtool'
LIPO=''
LN_S='ln -s'
LTLIBOBJS=''
MAKEINFO='${SHELL} /home/bombpersons/source/prototypeSpace/missing --run makeinfo'
MKDIR_P='/bin/mkdir -p'
NM='/usr/bin/nm -B'
NMEDIT=''
OBJDUMP='objdump'
OBJEXT='o'
OTOOL64=''
OTOOL=''
PACKAGE='prototypeSpace'
PACKAGE_BUGREPORT=''
PACKAGE_NAME=''
PACKAGE_STRING=''
PACKAGE_TARNAME=''
PACKAGE_VERSION=''
PATH_SEPARATOR=':'
RANLIB='ranlib'
SED='/bin/sed'
SET_MAKE=''
SHELL='/bin/bash'
STRIP='strip'
VERSION='0.0.1'
ac_ct_CC='gcc'
ac_ct_CXX='g++'
ac_ct_DUMPBIN=''
am__fastdepCC_FALSE='#'
am__fastdepCC_TRUE=''
am__fastdepCXX_FALSE='#'
am__fastdepCXX_TRUE=''
am__include='include'
am__isrc=''
am__leading_dot='.'
am__quote=''
am__tar='${AMTAR} chof - "$$tardir"'
am__untar='${AMTAR} xf -'
bindir='${exec_prefix}/bin'
build='i686-pc-linux-gnu'
build_alias=''
build_cpu='i686'
build_os='linux-gnu'
build_vendor='pc'
datadir='${datarootdir}'
datarootdir='${prefix}/share'
docdir='${datarootdir}/doc/${PACKAGE}'
dvidir='${docdir}'
exec_prefix='${prefix}'
host='i686-pc-linux-gnu'
host_alias=''
host_cpu='i686'
host_os='linux-gnu'
host_vendor='pc'
htmldir='${docdir}'
includedir='${prefix}/include'
infodir='${datarootdir}/info'
install_sh='$(SHELL) /home/bombpersons/source/prototypeSpace/install-sh'
libdir='${exec_prefix}/lib'
libexecdir='${exec_prefix}/libexec'
localedir='${datarootdir}/locale'
localstatedir='${prefix}/var'
lt_ECHO='echo'
mandir='${datarootdir}/man'
mkdir_p='/bin/mkdir -p'
oldincludedir='/usr/include'
pdfdir='${docdir}'
prefix='/usr/local'
program_transform_name='s,x,x,'
psdir='${docdir}'
sbindir='${exec_prefix}/sbin'
sharedstatedir='${prefix}/com'
sysconfdir='${prefix}/etc'
target_alias=''

## ----------- ##
## confdefs.h. ##
## ----------- ##

#define PACKAGE_NAME ""
#define PACKAGE_TARNAME ""
#define PACKAGE_VERSION ""
#define PACKAGE_STRING ""
#define PACKAGE_BUGREPORT ""
#define PACKAGE "prototypeSpace"
#define VERSION "0.0.1"
#define STDC_HEADERS 1
#define HAVE_SYS_TYPES_H 1
#define HAVE_SYS_STAT_H 1
#define HAVE_STDLIB_H 1
#define HAVE_STRING_H 1
#define HAVE_MEMORY_H 1
#define HAVE_STRINGS_H 1
#define HAVE_INTTYPES_H 1
#define HAVE_STDINT_H 1
#define HAVE_UNISTD_H 1
#define HAVE_DLFCN_H 1
#define LT_OBJDIR ".libs/"
#define ENABLE_DEBUGGING 5

configure: exit 0
